#
# A fatal error has been detected by the Java Runtime Environment:
#
#  EXCEPTION_ACCESS_VIOLATION (0xc0000005) at pc=0x00007ffe63a4cee1, pid=7276, tid=6224
#
# JRE version: OpenJDK Runtime Environment Corretto-17.0.5.8.1 (17.0.5+8) (build 17.0.5+8-LTS)
# Java VM: OpenJDK 64-Bit Server VM Corretto-17.0.5.8.1 (17.0.5+8-LTS, mixed mode, emulated-client, sharing, tiered, compressed oops, compressed class ptrs, g1 gc, windows-amd64)
# Problematic frame:
# V  [jvm.dll+0x1cee1]
#
# No core dump will be written. Minidumps are not enabled by default on client versions of Windows
#
# If you would like to submit a bug report, please visit:
#   https://github.com/corretto/corretto-17/issues/
#

---------------  S U M M A R Y ------------

Command Line: -XX:TieredStopAtLevel=1 -Dspring.output.ansi.enabled=always -Dcom.sun.management.jmxremote -Dspring.jmx.enabled=true -Dspring.liveBeansView.mbeanDomain -Dspring.application.admin.enabled=true -Dmanagement.endpoints.jmx.exposure.include=* -javaagent:C:\Program Files\JetBrains\IntelliJ IDEA 2022.3.3\lib\idea_rt.jar=61032:C:\Program Files\JetBrains\IntelliJ IDEA 2022.3.3\bin -Dfile.encoding=UTF-8 com.example.filrougefo.FilRougeFoApplication

Host: Intel(R) Core(TM) i7-4720HQ CPU @ 2.60GHz, 8 cores, 7G,  Windows 10 , 64 bit Build 19041 (10.0.19041.1)
Time: Sun May 21 12:43:44 2023 Paris, Madrid (heure duild 19041 (10.0.19041.1) elapsed time: 59.819136 seconds (0d 0h 0m 59s)

---------------  T H R E A D  ---------------

Current thread (0x000001de8d1d0750):  ConcurrentGCThread "G1 Conc#0" [stack: 0x0000009648d00000,0x0000009648e00000] [id=6224]

Stack: [0x0000009648d00000,0x0000009648e00000],  sp=0x0000009648dff808,  free space=1022k
Native frames: (J=compiled Java code, j=interpreted, Vv=VM code, C=native code)
V  [jvm.dll+0x1cee1]


siginfo: EXCEPTION_ACCESS_VIOLATION (0xc0000005), reading address 0x0000000000000100


Register to memory mapping:

RIP=0x00007ffe63a4cee1 jvm.dll
RAX=0x0 is NULL
RBX=0x000000008212f820 is pointing into object: java.lang.reflect.Method 
{0x000000008212f7e8} - klass: 'java/lang/reflect/Method'
 - ---- fields (total size 11 words):
 - 'override' 'Z' @12  false
 - volatile 'accessCheckCache' 'Ljava/lang/Object;' @16  NULL (0)
 - private volatile transient 'hasRealParameterData' 'Z' @13  false
 - private volatile transient 'parameters' '[Ljava/lang/reflect/Parameter;' @20  NULL (0)
 - private volatile transient 'declaredAnnotations' 'Ljava/util/Map;' @24  a 'java/util/Collections$EmptyMap'{0x0000000081eb0238} (81eb0238)
 - private 'slot' 'I' @28  57 (39)
 - private synchronized 'modifiers' 'I' @32  4098 (1002)
 - private synchronized 'clazz' 'Ljava/lang/Class;' @36  a 'java/lang/Class'{0x000000008212efc0} = 'org/springframework/boot/autoconfigure/web/embedded/TomcatWebServerFactoryCustomizer' (8212efc0)
 - private 'name' 'Ljava/lang/String;' @40  "lambda$customize$3"{0x000000008212f840} (8212f840)
 - private 'returnType' 'Ljava/lang/Class;' @44  a 'java/lang/Class'{0x0000000081ea3118} = void (81ea3118)
 - private 'parameterTypes' '[Ljava/lang/Class;' @48  a 'java/lang/Class'[2] {0x000000008212f880} (8212f880)
 - private 'exceptionTypes' '[Ljava/lang/Class;' @52  a 'java/lang/Class'[0] {0x0000000081ea31d0} (81ea31d0)
 - private transient 'signature' 'Ljava/lang/String;' @56  NULL (0)
 - private transient 'genericInfo' 'Lsun/reflect/generics/repository/MethodRepository;' @60  NULL (0)
 - private 'annotations' '[B' @64  NULL (0)
 - private 'parameterAnnotations' '[B' @68  NULL (0)
 - private 'annotationDefault' '[B' @72  NULL (0)
 - private volatile 'methodAccessor' 'Ljdk/internal/reflect/MethodAccessor;' @76  NULL (0)
 - private 'root' 'Ljava/lang/reflect/Method;' @80  NULL (0)
RCX=0x0000000800000000 is pointing into metadata
RDX=0x000000008212f820 is pointing into object: java.lang.reflect.Method 
{0x000000008212f7e8} - klass: 'java/lang/reflect/Method'
 - ---- fields (total size 11 words):
 - 'override' 'Z' @12  false
 - volatile 'accessCheckCache' 'Ljava/lang/Object;' @16  NULL (0)
 - private volatile transient 'hasRealParameterData' 'Z' @13  false
 - private volatile transient 'parameters' '[Ljava/lang/reflect/Parameter;' @20  NULL (0)
 - private volatile transient 'declaredAnnotations' 'Ljava/util/Map;' @24  a 'java/util/Collections$EmptyMap'{0x0000000081eb0238} (81eb0238)
 - private 'slot' 'I' @28  57 (39)
 - private synchronized 'modifiers' 'I' @32  4098 (1002)
 - private synchronized 'clazz' 'Ljava/lang/Class;' @36  a 'java/lang/Class'{0x000000008212efc0} = 'org/springframework/boot/autoconfigure/web/embedded/TomcatWebServerFactoryCustomizer' (8212efc0)
 - private 'name' 'Ljava/lang/String;' @40  "lambda$customize$3"{0x000000008212f840} (8212f840)
 - private 'returnType' 'Ljava/lang/Class;' @44  a 'java/lang/Class'{0x0000000081ea3118} = void (81ea3118)
 - private 'parameterTypes' '[Ljava/lang/Class;' @48  a 'java/lang/Class'[2] {0x000000008212f880} (8212f880)
 - private 'exceptionTypes' '[Ljava/lang/Class;' @52  a 'java/lang/Class'[0] {0x0000000081ea31d0} (81ea31d0)
 - private transient 'signature' 'Ljava/lang/String;' @56  NULL (0)
 - private transient 'genericInfo' 'Lsun/reflect/generics/repository/MethodRepository;' @60  NULL (0)
 - private 'annotations' '[B' @64  NULL (0)
 - private 'parameterAnnotations' '[B' @68  NULL (0)
 - private 'annotationDefault' '[B' @72  NULL (0)
 - private volatile 'methodAccessor' 'Ljdk/internal/reflect/MethodAccessor;' @76  NULL (0)
 - private 'root' 'Ljava/lang/reflect/Method;' @80  NULL (0)
RSP=0x0000009648dff808 points into unknown readable memory: 0x00007ffe63cf17a7 | a7 17 cf 63 fe 7f 00 00
RBP=0x0000009648dff940 points into unknown readable memory: 0x00007ffe64345678 | 78 56 34 64 fe 7f 00 00
RSI=0x000000008212f820 is pointing into object: java.lang.reflect.Method 
{0x000000008212f7e8} - klass: 'java/lang/reflect/Method'
 - ---- fields (total size 11 words):
 - 'override' 'Z' @12  false
 - volatile 'accessCheckCache' 'Ljava/lang/Object;' @16  NULL (0)
 - private volatile transient 'hasRealParameterData' 'Z' @13  false
 - private volatile transient 'parameters' '[Ljava/lang/reflect/Parameter;' @20  NULL (0)
 - private volatile transient 'declaredAnnotations' 'Ljava/util/Map;' @24  a 'java/util/Collections$EmptyMap'{0x0000000081eb0238} (81eb0238)
 - private 'slot' 'I' @28  57 (39)
 - private synchronized 'modifiers' 'I' @32  4098 (1002)
 - private synchronized 'clazz' 'Ljava/lang/Class;' @36  a 'java/lang/Class'{0x000000008212efc0} = 'org/springframework/boot/autoconfigure/web/embedded/TomcatWebServerFactoryCustomizer' (8212efc0)
 - private 'name' 'Ljava/lang/String;' @40  "lambda$customize$3"{0x000000008212f840} (8212f840)
 - private 'returnType' 'Ljava/lang/Class;' @44  a 'java/lang/Class'{0x0000000081ea3118} = void (81ea3118)
 - private 'parameterTypes' '[Ljava/lang/Class;' @48  a 'java/lang/Class'[2] {0x000000008212f880} (8212f880)
 - private 'exceptionTypes' '[Ljava/lang/Class;' @52  a 'java/lang/Class'[0] {0x0000000081ea31d0} (81ea31d0)
 - private transient 'signature' 'Ljava/lang/String;' @56  NULL (0)
 - private transient 'genericInfo' 'Lsun/reflect/generics/repository/MethodRepository;' @60  NULL (0)
 - private 'annotations' '[B' @64  NULL (0)
 - private 'parameterAnnotations' '[B' @68  NULL (0)
 - private 'annotationDefault' '[B' @72  NULL (0)
 - private volatile 'methodAccessor' 'Ljdk/internal/reflect/MethodAccessor;' @76  NULL (0)
 - private 'root' 'Ljava/lang/reflect/Method;' @80  NULL (0)
RDI=0x0000000800000000 is pointing into metadata
R8 =0x0 is NULL
R9 =0x0000000800000000 is pointing into metadata
R10=0x0000000800000000 is pointing into metadata
R11=0x000000000000000c is an unknown value
R12=0x0 is NULL
R13=0xaaaaaaaaaaaaaaab is an unknown value
R14=0x0000000000000001 is an unknown value
R15=0x0000009648dff900 points into unknown readable memory: 0x000001de8d1bef00 | 00 ef 1b 8d de 01 00 00


Registers:
RAX=0x0000000000000000, RBX=0x000000008212f820, RCX=0x0000000800000000, RDX=0x000000008212f820
RSP=0x0000009648dff808, RBP=0x0000009648dff940, RSI=0x000000008212f820, RDI=0x0000000800000000
R8 =0x0000000000000000, R9 =0x0000000800000000, R10=0x0000000800000000, R11=0x000000000000000c
R12=0x0000000000000000, R13=0xaaaaaaaaaaaaaaab, R14=0x0000000000000001, R15=0x0000009648dff900
RIP=0x00007ffe63a4cee1, EFLAGS=0x0000000000010246

Top of Stack: (sp=0x0000009648dff808)
0x0000009648dff808:   00007ffe63cf17a7 000000080000e970
0x0000009648dff818:   0000000000000003 0000009648dff940
0x0000009648dff828:   000000008212f0b0 000001de8d1d6fb0
0x0000009648dff838:   00007ffe63d0732e 000000008212f820
0x0000009648dff848:   000001de8d1bef50 0000009648dff900
0x0000009648dff858:   00007ffe640703cc 0000000000100000
0x0000009648dff868:   00007ffe63d032b1 00000000000e5f04
0x0000009648dff878:   00000000000e5dac 000001de8d1bef50
0x0000009648dff888:   0000009648dff900 000000008212f820
0x0000009648dff898:   00007ffe63d04b4c 0000000000100000
0x0000009648dff8a8:   00000000000e5f04 00000000007997ee
0x0000009648dff8b8:   0000000000000000 000001de8d1d0de8
0x0000009648dff8c8:   0000000000000001 000001de8d1d6fb0
0x0000009648dff8d8:   00007ffe63d03bf4 0000000000000555
0x0000009648dff8e8:   0000000000000000 000001de8b0d2901
0x0000009648dff8f8:   000001de8b0d2901 000001de8d1bef00 

Instructions: (pc=0x00007ffe63a4cee1)
0x00007ffe63a4cde1:   41 f6 c2 01 75 53 41 c1 fa 03 41 8b c2 c3 79 49
0x00007ffe63a4cdf1:   84 c0 b9 10 00 00 00 8b 05 f6 2e ab 00 41 b8 0c
0x00007ffe63a4ce01:   00 00 00 41 0f 45 c8 ff c8 4c 63 c8 48 63 14 11
0x00007ffe63a4ce11:   41 8b ca 83 e1 3f 48 d3 e2 41 8b ca 48 c1 f9 10
0x00007ffe63a4ce21:   0f b6 c1 49 8d 0c 11 49 f7 d1 48 03 c1 49 c1 e9
0x00007ffe63a4ce31:   03 48 c1 e8 03 41 23 c1 c3 49 8b 00 49 8b c8 48
0x00007ffe63a4ce41:   ff a0 00 01 00 00 cc cc cc cc cc cc cc cc cc 8b
0x00007ffe63a4ce51:   44 24 30 45 03 c9 44 2b 4c 24 28 83 c0 0b 44 03
0x00007ffe63a4ce61:   ca 45 03 c8 41 03 c1 c3 cc cc cc cc cc cc cc 4c
0x00007ffe63a4ce71:   8b ca 48 8b d1 45 8b 41 08 45 85 c0 7e 0e 41 f6
0x00007ffe63a4ce81:   c0 01 75 56 41 c1 f8 03 41 8b c0 c3 79 4c 80 3d
0x00007ffe63a4ce91:   09 e3 b1 00 00 b8 0c 00 00 00 b9 10 00 00 00 0f
0x00007ffe63a4cea1:   45 c8 8b 05 4b 2e ab 00 ff c8 4c 63 c8 48 63 14
0x00007ffe63a4ceb1:   11 41 8b c8 83 e1 3f 48 d3 e2 41 8b c8 48 c1 f9
0x00007ffe63a4cec1:   10 0f b6 c1 49 8d 0c 11 49 f7 d1 48 03 c1 49 c1
0x00007ffe63a4ced1:   e9 03 48 c1 e8 03 41 23 c1 c3 49 8b 01 49 8b c9
0x00007ffe63a4cee1:   48 ff a0 00 01 00 00 cc cc cc cc cc cc cc cc 48
0x00007ffe63a4cef1:   8b 41 08 0f b7 48 2a 0f b7 40 28 83 c0 48 03 c1
0x00007ffe63a4cf01:   c3 cc cc cc cc cc cc cc cc cc cc cc cc cc cc 48
0x00007ffe63a4cf11:   89 5c 24 08 57 48 83 ec 20 48 85 15 8f ba b5 00
0x00007ffe63a4cf21:   48 8b fa 48 8b d9 75 25 48 8b 05 90 ba b5 00 33
0x00007ffe63a4cf31:   c9 48 23 c2 48 0b 05 64 ba b5 00 48 85 d2 48 0f
0x00007ffe63a4cf41:   44 c1 48 8b 5c 24 30 48 83 c4 20 5f c3 48 8b cf
0x00007ffe63a4cf51:   e8 ea cf 80 00 4c 8b c0 48 85 db 74 38 48 85 c0
0x00007ffe63a4cf61:   74 33 48 8b 15 56 ba b5 00 48 23 d0 48 0b 15 84
0x00007ffe63a4cf71:   ba b5 00 74 20 48 8b c7 f0 48 0f b1 13 74 16 48
0x00007ffe63a4cf81:   85 05 29 ba b5 00 74 0d 48 8b c8 f0 48 0f b1 13
0x00007ffe63a4cf91:   48 3b c1 75 ea 48 8b 5c 24 30 49 8b c0 48 83 c4
0x00007ffe63a4cfa1:   20 5f c3 cc cc cc cc cc cc cc cc cc cc cc cc 48
0x00007ffe63a4cfb1:   89 5c 24 10 48 89 6c 24 18 57 41 56 41 57 48 83
0x00007ffe63a4cfc1:   ec 20 48 8b 1d 16 c2 b0 00 33 ff 4d 8b f8 48 8b
0x00007ffe63a4cfd1:   ea 4c 8b f1 48 85 db 74 3d 48 89 74 24 40 90 48 


Stack slot to memory mapping:
stack at sp + 0 slots: 0x00007ffe63cf17a7 jvm.dll
stack at sp + 1 slots: 0x000000080000e970 is a pointer to class: 
java.lang.String {0x000000080000e978}
 - instance size:     3
 - klass size:        83
 - access:            public final synchronized 
 - state:             fully_initialized
 - name:              'java/lang/String'
 - super:             'java/lang/Object'
 - sub:               
 - arrays:            'java/lang/String'[]
 - methods:           Array<T>(0x0000000800b2b3e0)
 - method ordering:   Array<T>(0x0000000800b2b128)
 - default_methods:   Array<T>(0x0000000000000000)
 - local interfaces:  Array<T>(0x0000000800b2b3b0)
 - trans. interfaces: Array<T>(0x0000000800b2b3b0)
 - constants:         constant pool [1396]/operands[28] {0x0000000800b28178} for 'java/lang/String' cache=0x00000008004265a0
 - class loader data:  loader data: 0x000001de8d1d1ed0 of 'bootstrap'
 - source file:       'String.java'
 - class annotations:       Array<T>(0x0000000000000000)
 - class type annotations:  Array<T>(0x0000000000000000)
 - field annotations:       Array<T>(0x0000000800b32c18)
 - field type annotations:  Array<T>(0x0000000000000000)
 - generic signature: 'Ljava/lang/Object;Ljava/io/Serializable;Ljava/lang/Comparable<Ljava/lang/String;>;Ljava/lang/CharSequence;Ljava/lang/constant/Constable;Ljava/lang/constant/ConstantDesc;'
 - inner classes:     Array<T>(0x0000000800b32bb8)
 - nest members:     Array<T>(0x0000000800b28118)
 - permitted subclasses:     Array<T>(0x00000008005cf960)
 - java mirror:       a 'java/lang/Class'{0x0000000081e959d8} = 'java/lang/String'
 - vtable length      5  (start addr: 0x000000080000eb38)
 - itable length      20 (start addr: 0x000000080000eb60)
 - ---- static fields (3 words):
 - private static final 'serialVersionUID' 'J' @120 
 - static final 'COMPACT_STRINGS' 'Z' @130 
 - private static final 'serialPersistentFields' '[Ljava/io/ObjectStreamField;' @112 
 - private static final 'REPL' 'C' @128 
 - public static final 'CASE_INSENSITIVE_ORDER' 'Ljava/util/Comparator;' @116 
 - static final 'LATIN1' 'B' @131 
 - static final 'UTF16' 'B' @132 
 - ---- non-static fields (3 words):
 - private 'hash' 'I' @12 
 - private final 'coder' 'B' @16 
 - private 'hashIsZero' 'Z' @17 
 - private final synchronized 'value' '[B' @20 
 - non-static oop maps: 20-20 
stack at sp + 2 slots: 0x0000000000000003 is an unknown value
stack at sp + 3 slots: 0x0000009648dff940 points into unknown readable memory: 0x00007ffe64345678 | 78 56 34 64 fe 7f 00 00
stack at sp + 4 slots: 0x000000008212f0b0 is an oop: java.lang.ref.SoftReference 
{0x000000008212f0b0} - klass: 'java/lang/ref/SoftReference'
 - ---- fields (total size 5 words):
 - private 'referent' 'Ljava/lang/Object;' @12  a 'java/lang/Class$ReflectionData'{0x000000008212f0d8} (8212f0d8)
 - volatile 'queue' 'Ljava/lang/ref/ReferenceQueue;' @16  a 'java/lang/ref/ReferenceQueue$Null'{0x0000000081ea4398} (81ea4398)
 - volatile 'next' 'Ljava/lang/ref/Reference;' @20  NULL (0)
 - private transient 'discovered' 'Ljava/lang/ref/Reference;' @24  a 'java/lang/ref/SoftReference'{0x000000008212ee90} (8212ee90)
 - private 'timestamp' 'J' @32  244534023 (e934b07 0)
stack at sp + 5 slots: 0x000001de8d1d6fb0 points into unknown readable memory: 0x00007ffe64345658 | 58 56 34 64 fe 7f 00 00
stack at sp + 6 slots: 0x00007ffe63d0732e jvm.dll
stack at sp + 7 slots: 0x000000008212f820 is pointing into object: java.lang.reflect.Method 
{0x000000008212f7e8} - klass: 'java/lang/reflect/Method'
 - ---- fields (total size 11 words):
 - 'override' 'Z' @12  false
 - volatile 'accessCheckCache' 'Ljava/lang/Object;' @16  NULL (0)
 - private volatile transient 'hasRealParameterData' 'Z' @13  false
 - private volatile transient 'parameters' '[Ljava/lang/reflect/Parameter;' @20  NULL (0)
 - private volatile transient 'declaredAnnotations' 'Ljava/util/Map;' @24  a 'java/util/Collections$EmptyMap'{0x0000000081eb0238} (81eb0238)
 - private 'slot' 'I' @28  57 (39)
 - private synchronized 'modifiers' 'I' @32  4098 (1002)
 - private synchronized 'clazz' 'Ljava/lang/Class;' @36  a 'java/lang/Class'{0x000000008212efc0} = 'org/springframework/boot/autoconfigure/web/embedded/TomcatWebServerFactoryCustomizer' (8212efc0)
 - private 'name' 'Ljava/lang/String;' @40  "lambda$customize$3"{0x000000008212f840} (8212f840)
 - private 'returnType' 'Ljava/lang/Class;' @44  a 'java/lang/Class'{0x0000000081ea3118} = void (81ea3118)
 - private 'parameterTypes' '[Ljava/lang/Class;' @48  a 'java/lang/Class'[2] {0x000000008212f880} (8212f880)
 - private 'exceptionTypes' '[Ljava/lang/Class;' @52  a 'java/lang/Class'[0] {0x0000000081ea31d0} (81ea31d0)
 - private transient 'signature' 'Ljava/lang/String;' @56  NULL (0)
 - private transient 'genericInfo' 'Lsun/reflect/generics/repository/MethodRepository;' @60  NULL (0)
 - private 'annotations' '[B' @64  NULL (0)
 - private 'parameterAnnotations' '[B' @68  NULL (0)
 - private 'annotationDefault' '[B' @72  NULL (0)
 - private volatile 'methodAccessor' 'Ljdk/internal/reflect/MethodAccessor;' @76  NULL (0)
 - private 'root' 'Ljava/lang/reflect/Method;' @80  NULL (0)


---------------  P R O C E S S  ---------------

Threads class SMR info:
_java_thread_list=0x000001dea27b5230, length=34, elements={
0x000001de9f361eb0, 0x000001de9f362d20, 0x000001de9f373a40, 0x000001de9f3766c0,
0x000001de9f378080, 0x000001de9f379a40, 0x000001de9f37b4b0, 0x000001de9f38b3c0,
0x000001de9f34fa00, 0x000001dea01d6520, 0x000001dea01d69f0, 0x000001dea0309510,
0x000001dea06cb500, 0x000001dea071aea0, 0x000001dea0554360, 0x000001dea0555b70,
0x000001dea05556a0, 0x000001dea0556510, 0x000001dea05534f0, 0x000001dea05551d0,
0x000001dea0556040, 0x000001dea0552b50, 0x000001dea0553020, 0x000001dea0553e90,
0x000001dea0554830, 0x000001dea0554d00, 0x000001dea49340d0, 0x000001dea4933260,
0x000001dea4931580, 0x000001dea49345a0, 0x000001dea4933730, 0x000001dea4930710,
0x000001dea4934f40, 0x000001dea49323f0
}

Java Threads: ( => current thread )
  0x000001de9f361eb0 JavaThread "Reference Handler" daemon [_thread_blocked, id=10376, stack(0x0000009649100000,0x0000009649200000)]
  0x000001de9f362d20 JavaThread "Finalizer" daemon [_thread_blocked, id=7788, stack(0x0000009649200000,0x0000009649300000)]
  0x000001de9f373a40 JavaThread "Signal Dispatcher" daemon [_thread_blocked, id=10448, stack(0x0000009649300000,0x0000009649400000)]
  0x000001de9f3766c0 JavaThread "Attach Listener" daemon [_thread_blocked, id=6916, stack(0x0000009649400000,0x0000009649500000)]
  0x000001de9f378080 JavaThread "Service Thread" daemon [_thread_blocked, id=6820, stack(0x0000009649500000,0x0000009649600000)]
  0x000001de9f379a40 JavaThread "Monitor Deflation Thread" daemon [_thread_blocked, id=15068, stack(0x0000009649600000,0x0000009649700000)]
  0x000001de9f37b4b0 JavaThread "C1 CompilerThread0" daemon [_thread_blocked, id=13948, stack(0x0000009649700000,0x0000009649800000)]
  0x000001de9f38b3c0 JavaThread "Sweeper thread" daemon [_thread_blocked, id=10408, stack(0x0000009649800000,0x0000009649900000)]
  0x000001de9f34fa00 JavaThread "Common-Cleaner" daemon [_thread_blocked, id=3888, stack(0x0000009649900000,0x0000009649a00000)]
  0x000001dea01d6520 JavaThread "Monitor Ctrl-Break" daemon [_thread_in_native, id=15516, stack(0x0000009649b00000,0x0000009649c00000)]
  0x000001dea01d69f0 JavaThread "Notification Thread" daemon [_thread_blocked, id=3816, stack(0x0000009649c00000,0x0000009649d00000)]
  0x000001dea0309510 JavaThread "RMI TCP Accept-0" daemon [_thread_in_native, id=5844, stack(0x0000009649e00000,0x0000009649f00000)]
  0x000001dea06cb500 JavaThread "RMI TCP Connection(2)-192.168.1.22" daemon [_thread_in_native, id=1760, stack(0x000000964ab00000,0x000000964ac00000)]
  0x000001dea071aea0 JavaThread "RMI Scheduler(0)" daemon [_thread_blocked, id=7960, stack(0x000000964ac00000,0x000000964ad00000)]
  0x000001dea0554360 JavaThread "Catalina-utility-1" [_thread_blocked, id=11292, stack(0x000000964af00000,0x000000964b000000)]
  0x000001dea0555b70 JavaThread "Catalina-utility-2" [_thread_blocked, id=1388, stack(0x000000964b000000,0x000000964b100000)]
  0x000001dea05556a0 JavaThread "container-0" [_thread_blocked, id=8736, stack(0x000000964b100000,0x000000964b200000)]
  0x000001dea0556510 JavaThread "mysql-cj-abandoned-connection-cleanup" daemon [_thread_blocked, id=16356, stack(0x000000964b200000,0x000000964b300000)]
  0x000001dea05534f0 JavaThread "HikariPool-1 housekeeper" daemon [_thread_blocked, id=5792, stack(0x000000964b400000,0x000000964b500000)]
  0x000001dea05551d0 JavaThread "File Watcher" daemon [_thread_blocked, id=6772, stack(0x000000964b500000,0x000000964b600000)]
  0x000001dea0556040 JavaThread "Live Reload Server" daemon [_thread_in_native, id=2192, stack(0x000000964b700000,0x000000964b800000)]
  0x000001dea0552b50 JavaThread "http-nio-8088-exec-1" daemon [_thread_blocked, id=14808, stack(0x000000964b800000,0x000000964b900000)]
  0x000001dea0553020 JavaThread "http-nio-8088-exec-2" daemon [_thread_blocked, id=8560, stack(0x000000964b900000,0x000000964ba00000)]
  0x000001dea0553e90 JavaThread "http-nio-8088-exec-3" daemon [_thread_blocked, id=2576, stack(0x000000964ba00000,0x000000964bb00000)]
  0x000001dea0554830 JavaThread "http-nio-8088-exec-4" daemon [_thread_blocked, id=6472, stack(0x000000964bb00000,0x000000964bc00000)]
  0x000001dea0554d00 JavaThread "http-nio-8088-exec-5" daemon [_thread_blocked, id=13900, stack(0x000000964bc00000,0x000000964bd00000)]
  0x000001dea49340d0 JavaThread "http-nio-8088-exec-6" daemon [_thread_blocked, id=2452, stack(0x000000964bd00000,0x000000964be00000)]
  0x000001dea4933260 JavaThread "http-nio-8088-exec-7" daemon [_thread_blocked, id=9920, stack(0x000000964be00000,0x000000964bf00000)]
  0x000001dea4931580 JavaThread "http-nio-8088-exec-8" daemon [_thread_blocked, id=11180, stack(0x000000964bf00000,0x000000964c000000)]
  0x000001dea49345a0 JavaThread "http-nio-8088-exec-9" daemon [_thread_blocked, id=12716, stack(0x000000964c000000,0x000000964c100000)]
  0x000001dea4933730 JavaThread "http-nio-8088-exec-10" daemon [_thread_blocked, id=9656, stack(0x000000964c100000,0x000000964c200000)]
  0x000001dea4930710 JavaThread "http-nio-8088-Poller" daemon [_thread_in_native, id=13892, stack(0x000000964b600000,0x000000964b700000)]
  0x000001dea4934f40 JavaThread "http-nio-8088-Acceptor" daemon [_thread_in_native, id=9272, stack(0x000000964c200000,0x000000964c300000)]
  0x000001dea49323f0 JavaThread "DestroyJavaVM" [_thread_blocked, id=11452, stack(0x0000009648a00000,0x0000009648b00000)]

Other Threads:
  0x000001de9f35d2b0 VMThread "VM Thread" [stack: 0x0000009649000000,0x0000009649100000] [id=13856]
  0x000001de8d21e4e0 WatcherThread [stack: 0x0000009649f00000,0x000000964a000000] [id=10732]
  0x000001de8d1be900 GCTaskThread "GC Thread#0" [stack: 0x0000009648b00000,0x0000009648c00000] [id=1160]
  0x000001dea0633d00 GCTaskThread "GC Thread#1" [stack: 0x000000964a200000,0x000000964a300000] [id=4324]
  0x000001dea0694c00 GCTaskThread "GC Thread#2" [stack: 0x000000964a300000,0x000000964a400000] [id=8440]
  0x000001dea0694eb0 GCTaskThread "GC Thread#3" [stack: 0x000000964a400000,0x000000964a500000] [id=3932]
  0x000001dea0695160 GCTaskThread "GC Thread#4" [stack: 0x000000964a500000,0x000000964a600000] [id=7832]
  0x000001dea0695890 GCTaskThread "GC Thread#5" [stack: 0x000000964a600000,0x000000964a700000] [id=6704]
  0x000001dea06c2400 GCTaskThread "GC Thread#6" [stack: 0x000000964a700000,0x000000964a800000] [id=13000]
  0x000001dea06c2ac0 GCTaskThread "GC Thread#7" [stack: 0x000000964a800000,0x000000964a900000] [id=9716]
  0x000001de8d1cf500 ConcurrentGCThread "G1 Main Marker" [stack: 0x0000009648c00000,0x0000009648d00000] [id=7724]
=>0x000001de8d1d0750 ConcurrentGCThread "G1 Conc#0" [stack: 0x0000009648d00000,0x0000009648e00000] [id=6224]
  0x000001dea1cd5780 ConcurrentGCThread "G1 Conc#1" [stack: 0x000000964ad00000,0x000000964ae00000] [id=15264]
  0x000001de8d22d500 ConcurrentGCThread "G1 Refine#0" [stack: 0x0000009648e00000,0x0000009648f00000] [id=8996]
  0x000001dea06a6ad0 ConcurrentGCThread "G1 Refine#1" [stack: 0x000000964a900000,0x000000964aa00000] [id=5752]
  0x000001dea06c39a0 ConcurrentGCThread "G1 Refine#2" [stack: 0x000000964aa00000,0x000000964ab00000] [id=7192]
  0x000001de8d22df20 ConcurrentGCThread "G1 Service" [stack: 0x0000009648f00000,0x0000009649000000] [id=4372]

Threads with active compile tasks:

VM state: not at safepoint (normal execution)

VM Mutex/Monitor currently owned by a thread: None

Heap address: 0x0000000081a00000, size: 2022 MB, Compressed Oops mode: 32-bit

CDS archive(s) mapped at: [0x0000000800000000-0x0000000800bc0000-0x0000000800bc0000), size 12320768, SharedBaseAddress: 0x0000000800000000, ArchiveRelocationMode: 0.
Compressed class space mapped at: 0x0000000800c00000-0x0000000840c00000, reserved size: 1073741824
Narrow klass base: 0x0000000800000000, Narrow klass shift: 0, Narrow klass range: 0x100000000

GC Precious Log:
 CPUs: 8 total, 8 available
 Memory: 8081M
 Large Page Support: Disabled
 NUMA Support: Disabled
 Compressed Oops: Enabled (32-bit)
 Heap Region Size: 1M
 Heap Min Capacity: 8M
 Heap Initial Capacity: 128M
 Heap Max Capacity: 2022M
 Pre-touch: Disabled
 Parallel Workers: 8
 Concurrent Workers: 2
 Concurrent Refinement Workers: 8
 Periodic GC: Disabled

Heap:
 garbage-first heap   total 56320K, used 33424K [0x0000000081a00000, 0x0000000100000000)
  region size 1024K, 3 young (3072K), 2 survivors (2048K)
 Metaspace       used 67300K, committed 67840K, reserved 1114112K
  class space    used 9636K, committed 9920K, reserved 1048576K

Heap Regions: E=young(eden), S=young(survivor), O=old, HS=humongous(starts), HC=humongous(continues), CS=collection set, F=free, OA=open archive, CA=closed archive, TAMS=top-at-mark-start (previous, next)
|   0|0x0000000081a00000, 0x0000000081b00000, 0x0000000081b00000|100%|HS|  |TAMS 0x0000000081b00000, 0x0000000081b00000| Complete 
|   1|0x0000000081b00000, 0x0000000081c00000, 0x0000000081c00000|100%| O|  |TAMS 0x0000000081c00000, 0x0000000081c00000| Untracked 
|   2|0x0000000081c00000, 0x0000000081d00000, 0x0000000081d00000|100%| O|  |TAMS 0x0000000081d00000, 0x0000000081d00000| Untracked 
|   3|0x0000000081d00000, 0x0000000081e00000, 0x0000000081e00000|100%| O|  |TAMS 0x0000000081e00000, 0x0000000081e00000| Untracked 
|   4|0x0000000081e00000, 0x0000000081f00000, 0x0000000081f00000|100%| O|  |TAMS 0x0000000081f00000, 0x0000000081f00000| Untracked 
|   5|0x0000000081f00000, 0x0000000082000000, 0x0000000082000000|100%| O|  |TAMS 0x0000000082000000, 0x0000000082000000| Untracked 
|   6|0x0000000082000000, 0x0000000082100000, 0x0000000082100000|100%| O|  |TAMS 0x0000000082100000, 0x0000000082100000| Untracked 
|   7|0x0000000082100000, 0x0000000082200000, 0x0000000082200000|100%| O|  |TAMS 0x0000000082200000, 0x0000000082200000| Untracked 
|   8|0x0000000082200000, 0x00000000822f5400, 0x0000000082300000| 95%| O|  |TAMS 0x00000000822f5400, 0x00000000822f5400| Untracked 
|   9|0x0000000082300000, 0x0000000082400000, 0x0000000082400000|100%| O|  |TAMS 0x0000000082400000, 0x0000000082400000| Untracked 
|  10|0x0000000082400000, 0x0000000082500000, 0x0000000082500000|100%| O|  |TAMS 0x0000000082500000, 0x0000000082500000| Untracked 
|  11|0x0000000082500000, 0x0000000082600000, 0x0000000082600000|100%| O|  |TAMS 0x0000000082600000, 0x0000000082600000| Untracked 
|  12|0x0000000082600000, 0x0000000082700000, 0x0000000082700000|100%| O|  |TAMS 0x0000000082700000, 0x0000000082700000| Untracked 
|  13|0x0000000082700000, 0x0000000082800000, 0x0000000082800000|100%| O|  |TAMS 0x0000000082800000, 0x0000000082800000| Untracked 
|  14|0x0000000082800000, 0x0000000082900000, 0x0000000082900000|100%| O|  |TAMS 0x0000000082900000, 0x0000000082900000| Untracked 
|  15|0x0000000082900000, 0x0000000082a00000, 0x0000000082a00000|100%| O|  |TAMS 0x0000000082a00000, 0x0000000082a00000| Untracked 
|  16|0x0000000082a00000, 0x0000000082b00000, 0x0000000082b00000|100%| O|  |TAMS 0x0000000082b00000, 0x0000000082b00000| Untracked 
|  17|0x0000000082b00000, 0x0000000082c00000, 0x0000000082c00000|100%| O|  |TAMS 0x0000000082c00000, 0x0000000082c00000| Untracked 
|  18|0x0000000082c00000, 0x0000000082d00000, 0x0000000082d00000|100%| O|  |TAMS 0x0000000082d00000, 0x0000000082d00000| Untracked 
|  19|0x0000000082d00000, 0x0000000082e00000, 0x0000000082e00000|100%| O|  |TAMS 0x0000000082e00000, 0x0000000082e00000| Untracked 
|  20|0x0000000082e00000, 0x0000000082f00000, 0x0000000082f00000|100%| O|  |TAMS 0x0000000082f00000, 0x0000000082f00000| Untracked 
|  21|0x0000000082f00000, 0x0000000083000000, 0x0000000083000000|100%| O|  |TAMS 0x0000000083000000, 0x0000000083000000| Untracked 
|  22|0x0000000083000000, 0x0000000083100000, 0x0000000083100000|100%| O|  |TAMS 0x0000000083100000, 0x0000000083100000| Untracked 
|  23|0x0000000083100000, 0x0000000083200000, 0x0000000083200000|100%| O|  |TAMS 0x0000000083200000, 0x0000000083200000| Untracked 
|  24|0x0000000083200000, 0x0000000083300000, 0x0000000083300000|100%| O|  |TAMS 0x0000000083300000, 0x0000000083300000| Untracked 
|  25|0x0000000083300000, 0x0000000083400000, 0x0000000083400000|100%| O|  |TAMS 0x0000000083400000, 0x0000000083400000| Untracked 
|  26|0x0000000083400000, 0x0000000083500000, 0x0000000083500000|100%| O|  |TAMS 0x00000000834a2c00, 0x0000000083500000| Untracked 
|  27|0x0000000083500000, 0x0000000083600000, 0x0000000083600000|100%| O|  |TAMS 0x0000000083500000, 0x0000000083600000| Untracked 
|  28|0x0000000083600000, 0x0000000083700000, 0x0000000083700000|100%| O|  |TAMS 0x0000000083600000, 0x0000000083700000| Untracked 
|  29|0x0000000083700000, 0x0000000083800000, 0x0000000083800000|100%| O|  |TAMS 0x0000000083700000, 0x0000000083730800| Untracked 
|  30|0x0000000083800000, 0x00000000838aee00, 0x0000000083900000| 68%| O|  |TAMS 0x0000000083800000, 0x0000000083800000| Untracked 
|  31|0x0000000083900000, 0x0000000083900000, 0x0000000083a00000|  0%| F|  |TAMS 0x0000000083900000, 0x0000000083900000| Untracked 
|  32|0x0000000083a00000, 0x0000000083a00000, 0x0000000083b00000|  0%| F|  |TAMS 0x0000000083a00000, 0x0000000083a00000| Untracked 
|  33|0x0000000083b00000, 0x0000000083b00000, 0x0000000083c00000|  0%| F|  |TAMS 0x0000000083b00000, 0x0000000083b00000| Untracked 
|  34|0x0000000083c00000, 0x0000000083c00000, 0x0000000083d00000|  0%| F|  |TAMS 0x0000000083c00000, 0x0000000083c00000| Untracked 
|  35|0x0000000083d00000, 0x0000000083d00000, 0x0000000083e00000|  0%| F|  |TAMS 0x0000000083d00000, 0x0000000083d00000| Untracked 
|  36|0x0000000083e00000, 0x0000000083e00000, 0x0000000083f00000|  0%| F|  |TAMS 0x0000000083e00000, 0x0000000083e00000| Untracked 
|  37|0x0000000083f00000, 0x0000000083f00000, 0x0000000084000000|  0%| F|  |TAMS 0x0000000083f00000, 0x0000000083f00000| Untracked 
|  38|0x0000000084000000, 0x0000000084000000, 0x0000000084100000|  0%| F|  |TAMS 0x0000000084000000, 0x0000000084000000| Untracked 
|  39|0x0000000084100000, 0x0000000084200000, 0x0000000084200000|100%| S|CS|TAMS 0x0000000084100000, 0x0000000084100000| Complete 
|  40|0x0000000084200000, 0x0000000084300000, 0x0000000084300000|100%| S|CS|TAMS 0x0000000084200000, 0x0000000084200000| Complete 
|  41|0x0000000084300000, 0x0000000084300000, 0x0000000084400000|  0%| F|  |TAMS 0x0000000084300000, 0x0000000084300000| Untracked 
|  42|0x0000000084400000, 0x0000000084400000, 0x0000000084500000|  0%| F|  |TAMS 0x0000000084400000, 0x0000000084400000| Untracked 
|  43|0x0000000084500000, 0x0000000084500000, 0x0000000084600000|  0%| F|  |TAMS 0x0000000084500000, 0x0000000084500000| Untracked 
|  44|0x0000000084600000, 0x0000000084600000, 0x0000000084700000|  0%| F|  |TAMS 0x0000000084600000, 0x0000000084600000| Untracked 
|  45|0x0000000084700000, 0x0000000084700000, 0x0000000084800000|  0%| F|  |TAMS 0x0000000084700000, 0x0000000084700000| Untracked 
|  46|0x0000000084800000, 0x0000000084800000, 0x0000000084900000|  0%| F|  |TAMS 0x0000000084800000, 0x0000000084800000| Untracked 
|  47|0x0000000084900000, 0x0000000084900000, 0x0000000084a00000|  0%| F|  |TAMS 0x0000000084900000, 0x0000000084900000| Untracked 
|  48|0x0000000084a00000, 0x0000000084a00000, 0x0000000084b00000|  0%| F|  |TAMS 0x0000000084a00000, 0x0000000084a00000| Untracked 
| 121|0x0000000089300000, 0x0000000089300000, 0x0000000089400000|  0%| F|  |TAMS 0x0000000089300000, 0x0000000089300000| Untracked 
| 122|0x0000000089400000, 0x0000000089400000, 0x0000000089500000|  0%| F|  |TAMS 0x0000000089400000, 0x0000000089400000| Untracked 
| 123|0x0000000089500000, 0x0000000089500000, 0x0000000089600000|  0%| F|  |TAMS 0x0000000089500000, 0x0000000089500000| Untracked 
| 124|0x0000000089600000, 0x0000000089600000, 0x0000000089700000|  0%| F|  |TAMS 0x0000000089600000, 0x0000000089600000| Untracked 
| 125|0x0000000089700000, 0x0000000089700000, 0x0000000089800000|  0%| F|  |TAMS 0x0000000089700000, 0x0000000089700000| Untracked 
| 127|0x0000000089900000, 0x0000000089914298, 0x0000000089a00000|  7%| E|  |TAMS 0x0000000089900000, 0x0000000089900000| Complete 

Card table byte_map: [0x000001de98170000,0x000001de98570000] _byte_map_base: 0x000001de97d63000

Marking Bits (Prev, Next): (CMBitMap*) 0x000001de8d1bef10, (CMBitMap*) 0x000001de8d1bef50
 Prev Bits: [0x000001de98970000, 0x000001de9a908000)
 Next Bits: [0x000001de9a910000, 0x000001de9c8a8000)

Polling page: 0x000001de8b040000

Metaspace:

Usage:
  Non-class:     56.31 MB used.
      Class:      9.41 MB used.
       Both:     65.72 MB used.

Virtual space:
  Non-class space:       64.00 MB reserved,      56.56 MB ( 88%) committed,  8 nodes.
      Class space:        1.00 GB reserved,       9.69 MB ( <1%) committed,  1 nodes.
             Both:        1.06 GB reserved,      66.25 MB (  6%) committed. 

Chunk freelists:
   Non-Class:  3.00 MB
       Class:  2.35 MB
        Both:  5.35 MB

MaxMetaspaceSize: unlimited
CompressedClassSpaceSize: 1.00 GB
Initial GC threshold: 21.00 MB
Current GC threshold: 102.13 MB
CDS: on
MetaspaceReclaimPolicy: balanced
 - commit_granule_bytes: 65536.
 - commit_granule_words: 8192.
 - virtual_space_node_default_size: 1048576.
 - enlarge_chunks_in_place: 1.
 - new_chunks_are_fully_committed: 0.
 - uncommit_free_chunks: 1.
 - use_allocation_guard: 0.
 - handle_deallocations: 1.


Internal statistics:

num_allocs_failed_limit: 6.
num_arena_births: 776.
num_arena_deaths: 0.
num_vsnodes_births: 9.
num_vsnodes_deaths: 0.
num_space_committed: 1060.
num_space_uncommitted: 0.
num_chunks_returned_to_freelist: 6.
num_chunks_taken_from_freelist: 3175.
num_chunk_merges: 6.
num_chunk_splits: 2291.
num_chunks_enlarged: 1767.
num_purges: 0.
num_inconsistent_stats: 0.

CodeCache: size=49152Kb used=11949Kb max_used=13237Kb free=37203Kb
 bounds [0x000001de94c60000, 0x000001de95950000, 0x000001de97c60000]
 total_blobs=7549 nmethods=6841 adapters=635
 compilation: enabled
              stopped_count=0, restarted_count=0
 full_count=0

Compilation events (20 events):
Event: 48.362 Thread 0x000001de9f37b4b0 6832       1       java.nio.file.attribute.FileTime::compareTo (154 bytes)
Event: 48.366 Thread 0x000001de9f37b4b0 nmethod 6832 0x000001de95243690 code [0x000001de95243920, 0x000001de95244078]
Event: 48.374 Thread 0x000001de9f37b4b0 6833       1       java.util.Properties$LineReader::readLine (584 bytes)
Event: 48.382 Thread 0x000001de9f37b4b0 nmethod 6833 0x000001de95241910 code [0x000001de95241b80, 0x000001de95242d98]
Event: 48.382 Thread 0x000001de9f37b4b0 6834   !   1       java.io.StringReader::mark (44 bytes)
Event: 48.383 Thread 0x000001de9f37b4b0 nmethod 6834 0x000001de95241290 code [0x000001de95241440, 0x000001de95241758]
Event: 48.383 Thread 0x000001de9f37b4b0 6835       1       org.apache.tomcat.util.buf.AbstractChunk::getLength (10 bytes)
Event: 48.384 Thread 0x000001de9f37b4b0 nmethod 6835 0x000001de95240f90 code [0x000001de95241120, 0x000001de952411f8]
Event: 48.396 Thread 0x000001de9f37b4b0 6836       1       org.apache.tomcat.util.buf.AbstractChunk::recycle (21 bytes)
Event: 48.397 Thread 0x000001de9f37b4b0 nmethod 6836 0x000001de95240c90 code [0x000001de95240e20, 0x000001de95240ef8]
Event: 48.934 Thread 0x000001de9f37b4b0 6837       1       java.util.AbstractCollection::containsAll (38 bytes)
Event: 48.934 Thread 0x000001de9f37b4b0 nmethod 6837 0x000001de95240810 code [0x000001de952409e0, 0x000001de95240b98]
Event: 54.196 Thread 0x000001de9f37b4b0 6838       1       java.util.concurrent.ThreadPoolExecutor::isShutdown (12 bytes)
Event: 54.197 Thread 0x000001de9f37b4b0 nmethod 6838 0x000001de95240510 code [0x000001de952406a0, 0x000001de95240798]
Event: 54.197 Thread 0x000001de9f37b4b0 6839       1       jdk.internal.misc.Unsafe::putReferenceOpaque (9 bytes)
Event: 54.197 Thread 0x000001de9f37b4b0 nmethod 6839 0x000001de95240210 code [0x000001de952403a0, 0x000001de952404b8]
Event: 59.204 Thread 0x000001de9f37b4b0 6840       1       java.util.concurrent.ScheduledThreadPoolExecutor$ScheduledFutureTask::compareTo (9 bytes)
Event: 59.204 Thread 0x000001de9f37b4b0 nmethod 6840 0x000001de9523fe90 code [0x000001de95240020, 0x000001de95240148]
Event: 59.204 Thread 0x000001de9f37b4b0 6841       1       java.util.concurrent.ScheduledThreadPoolExecutor$ScheduledFutureTask::compareTo (101 bytes)
Event: 59.205 Thread 0x000001de9f37b4b0 nmethod 6841 0x000001de9523f710 code [0x000001de9523f900, 0x000001de9523fd58]

GC Heap History (20 events):
Event: 16.346 GC heap before
{Heap before GC invocations=15 (full 0):
 garbage-first heap   total 51200K, used 40192K [0x0000000081a00000, 0x0000000100000000)
  region size 1024K, 19 young (19456K), 2 survivors (2048K)
 Metaspace       used 53866K, committed 54464K, reserved 1097728K
  class space    used 7697K, committed 8000K, reserved 1048576K
}
Event: 16.354 GC heap after
{Heap after GC invocations=16 (full 0):
 garbage-first heap   total 51200K, used 24256K [0x0000000081a00000, 0x0000000100000000)
  region size 1024K, 2 young (2048K), 2 survivors (2048K)
 Metaspace       used 53866K, committed 54464K, reserved 1097728K
  class space    used 7697K, committed 8000K, reserved 1048576K
}
Event: 17.468 GC heap before
{Heap before GC invocations=16 (full 0):
 garbage-first heap   total 51200K, used 39616K [0x0000000081a00000, 0x0000000100000000)
  region size 1024K, 18 young (18432K), 2 survivors (2048K)
 Metaspace       used 57204K, committed 57728K, reserved 1105920K
  class space    used 8154K, committed 8448K, reserved 1048576K
}
Event: 17.480 GC heap after
{Heap after GC invocations=17 (full 0):
 garbage-first heap   total 51200K, used 25592K [0x0000000081a00000, 0x0000000100000000)
  region size 1024K, 3 young (3072K), 3 survivors (3072K)
 Metaspace       used 57204K, committed 57728K, reserved 1105920K
  class space    used 8154K, committed 8448K, reserved 1048576K
}
Event: 18.278 GC heap before
{Heap before GC invocations=18 (full 0):
 garbage-first heap   total 51200K, used 40952K [0x0000000081a00000, 0x0000000100000000)
  region size 1024K, 18 young (18432K), 3 survivors (3072K)
 Metaspace       used 58343K, committed 58880K, reserved 1105920K
  class space    used 8387K, committed 8640K, reserved 1048576K
}
Event: 18.290 GC heap after
{Heap after GC invocations=19 (full 0):
 garbage-first heap   total 51200K, used 26760K [0x0000000081a00000, 0x0000000100000000)
  region size 1024K, 3 young (3072K), 3 survivors (3072K)
 Metaspace       used 58343K, committed 58880K, reserved 1105920K
  class space    used 8387K, committed 8640K, reserved 1048576K
}
Event: 18.544 GC heap before
{Heap before GC invocations=19 (full 0):
 garbage-first heap   total 51200K, used 41096K [0x0000000081a00000, 0x0000000100000000)
  region size 1024K, 17 young (17408K), 3 survivors (3072K)
 Metaspace       used 58448K, committed 59072K, reserved 1105920K
  class space    used 8399K, committed 8704K, reserved 1048576K
}
Event: 18.553 GC heap after
{Heap after GC invocations=20 (full 0):
 garbage-first heap   total 51200K, used 27129K [0x0000000081a00000, 0x0000000100000000)
  region size 1024K, 2 young (2048K), 2 survivors (2048K)
 Metaspace       used 58448K, committed 59072K, reserved 1105920K
  class space    used 8399K, committed 8704K, reserved 1048576K
}
Event: 18.850 GC heap before
{Heap before GC invocations=21 (full 0):
 garbage-first heap   total 56320K, used 41465K [0x0000000081a00000, 0x0000000100000000)
  region size 1024K, 16 young (16384K), 2 survivors (2048K)
 Metaspace       used 58549K, committed 59136K, reserved 1105920K
  class space    used 8412K, committed 8704K, reserved 1048576K
}
Event: 18.857 GC heap after
{Heap after GC invocations=22 (full 0):
 garbage-first heap   total 56320K, used 27343K [0x0000000081a00000, 0x0000000100000000)
  region size 1024K, 1 young (1024K), 1 survivors (1024K)
 Metaspace       used 58549K, committed 59136K, reserved 1105920K
  class space    used 8412K, committed 8704K, reserved 1048576K
}
Event: 19.629 GC heap before
{Heap before GC invocations=22 (full 0):
 garbage-first heap   total 56320K, used 45775K [0x0000000081a00000, 0x0000000100000000)
  region size 1024K, 19 young (19456K), 1 survivors (1024K)
 Metaspace       used 59645K, committed 60224K, reserved 1105920K
  class space    used 8587K, committed 8896K, reserved 1048576K
}
Event: 19.637 GC heap after
{Heap after GC invocations=23 (full 0):
 garbage-first heap   total 56320K, used 28659K [0x0000000081a00000, 0x0000000100000000)
  region size 1024K, 2 young (2048K), 2 survivors (2048K)
 Metaspace       used 59645K, committed 60224K, reserved 1105920K
  class space    used 8587K, committed 8896K, reserved 1048576K
}
Event: 20.538 GC heap before
{Heap before GC invocations=24 (full 0):
 garbage-first heap   total 56320K, used 45043K [0x0000000081a00000, 0x0000000100000000)
  region size 1024K, 18 young (18432K), 2 survivors (2048K)
 Metaspace       used 61289K, committed 61888K, reserved 1105920K
  class space    used 8819K, committed 9088K, reserved 1048576K
}
Event: 20.550 GC heap after
{Heap after GC invocations=25 (full 0):
 garbage-first heap   total 56320K, used 29865K [0x0000000081a00000, 0x0000000100000000)
  region size 1024K, 3 young (3072K), 3 survivors (3072K)
 Metaspace       used 61289K, committed 61888K, reserved 1105920K
  class space    used 8819K, committed 9088K, reserved 1048576K
}
Event: 21.123 GC heap before
{Heap before GC invocations=25 (full 0):
 garbage-first heap   total 56320K, used 45225K [0x0000000081a00000, 0x0000000100000000)
  region size 1024K, 18 young (18432K), 3 survivors (3072K)
 Metaspace       used 61795K, committed 62400K, reserved 1105920K
  class space    used 8889K, committed 9152K, reserved 1048576K
}
Event: 21.134 GC heap after
{Heap after GC invocations=26 (full 0):
 garbage-first heap   total 56320K, used 30800K [0x0000000081a00000, 0x0000000100000000)
  region size 1024K, 3 young (3072K), 3 survivors (3072K)
 Metaspace       used 61795K, committed 62400K, reserved 1105920K
  class space    used 8889K, committed 9152K, reserved 1048576K
}
Event: 47.221 GC heap before
{Heap before GC invocations=27 (full 0):
 garbage-first heap   total 56320K, used 45136K [0x0000000081a00000, 0x0000000100000000)
  region size 1024K, 18 young (18432K), 3 survivors (3072K)
 Metaspace       used 64787K, committed 65408K, reserved 1105920K
  class space    used 9305K, committed 9600K, reserved 1048576K
}
Event: 47.230 GC heap after
{Heap after GC invocations=28 (full 0):
 garbage-first heap   total 56320K, used 31677K [0x0000000081a00000, 0x0000000100000000)
  region size 1024K, 2 young (2048K), 2 survivors (2048K)
 Metaspace       used 64787K, committed 65408K, reserved 1105920K
  class space    used 9305K, committed 9600K, reserved 1048576K
}
Event: 59.756 GC heap before
{Heap before GC invocations=28 (full 0):
 garbage-first heap   total 56320K, used 46013K [0x0000000081a00000, 0x0000000100000000)
  region size 1024K, 16 young (16384K), 2 survivors (2048K)
 Metaspace       used 67300K, committed 67840K, reserved 1114112K
  class space    used 9636K, committed 9920K, reserved 1048576K
}
Event: 59.767 GC heap after
{Heap after GC invocations=29 (full 0):
 garbage-first heap   total 56320K, used 33424K [0x0000000081a00000, 0x0000000100000000)
  region size 1024K, 2 young (2048K), 2 survivors (2048K)
 Metaspace       used 67300K, committed 67840K, reserved 1114112K
  class space    used 9636K, committed 9920K, reserved 1048576K
}

Dll operation events (13 events):
Event: 0.025 Loaded shared library C:\Program Files\Java\Amazon Corretto\jdk17.0.5_8\bin\java.dll
Event: 0.051 Loaded shared library C:\Program Files\Java\Amazon Corretto\jdk17.0.5_8\bin\jsvml.dll
Event: 0.368 Loaded shared library C:\Program Files\Java\Amazon Corretto\jdk17.0.5_8\bin\zip.dll
Event: 0.375 Loaded shared library C:\Program Files\Java\Amazon Corretto\jdk17.0.5_8\bin\instrument.dll
Event: 0.397 Loaded shared library C:\Program Files\Java\Amazon Corretto\jdk17.0.5_8\bin\net.dll
Event: 0.401 Loaded shared library C:\Program Files\Java\Amazon Corretto\jdk17.0.5_8\bin\nio.dll
Event: 0.414 Loaded shared library C:\Program Files\Java\Amazon Corretto\jdk17.0.5_8\bin\zip.dll
Event: 0.638 Loaded shared library C:\Program Files\JetBrains\IntelliJ IDEA 2022.3.3\bin\breakgen64.dll
Event: 0.652 Loaded shared library C:\Program Files\Java\Amazon Corretto\jdk17.0.5_8\bin\jimage.dll
Event: 0.699 Loaded shared library C:\Program Files\Java\Amazon Corretto\jdk17.0.5_8\bin\management.dll
Event: 0.724 Loaded shared library C:\Program Files\Java\Amazon Corretto\jdk17.0.5_8\bin\management_ext.dll
Event: 2.867 Loaded shared library C:\Program Files\Java\Amazon Corretto\jdk17.0.5_8\bin\verify.dll
Event: 8.386 Loaded shared library C:\Program Files\Java\Amazon Corretto\jdk17.0.5_8\bin\sunmscapi.dll

Deoptimization events (10 events):
Event: 2.977 Thread 0x000001dea065fba0 DEOPT PACKING pc=0x000001de95185419 sp=0x000000964a1fcde0
Event: 2.977 Thread 0x000001dea065fba0 DEOPT UNPACKING pc=0x000001de94cb2b43 sp=0x000000964a1fc2c0 mode 3
Event: 8.923 Thread 0x000001dea065fba0 DEOPT PACKING pc=0x000001de954ebf1d sp=0x000000964a1fbfc0
Event: 8.924 Thread 0x000001dea065fba0 DEOPT UNPACKING pc=0x000001de94cb2b43 sp=0x000000964a1fb528 mode 3
Event: 17.485 Thread 0x000001dea065fba0 DEOPT PACKING pc=0x000001de951a1d24 sp=0x000000964a1fbe50
Event: 17.485 Thread 0x000001dea065fba0 DEOPT UNPACKING pc=0x000001de94cb2b43 sp=0x000000964a1fb3a8 mode 0
Event: 19.141 Thread 0x000001dea065fba0 DEOPT PACKING pc=0x000001de951d9222 sp=0x000000964a1fd880
Event: 19.141 Thread 0x000001dea065fba0 DEOPT UNPACKING pc=0x000001de94cb2b43 sp=0x000000964a1fcd88 mode 3
Event: 19.145 Thread 0x000001dea065fba0 DEOPT PACKING pc=0x000001de951b5c15 sp=0x000000964a1fd840
Event: 19.145 Thread 0x000001dea065fba0 DEOPT UNPACKING pc=0x000001de94cb2b43 sp=0x000000964a1fcd88 mode 3

Classes unloaded (0 events):
No events

Classes redefined (0 events):
No events

Internal exceptions (20 events):
Event: 18.627 Thread 0x000001dea065fba0 Exception <a 'java/lang/reflect/InvocationTargetException'{0x00000000894833c0}> (0x00000000894833c0) 
thrown [s\src\hotspot\share\runtime\reflection.cpp, line 1121]
Event: 18.648 Thread 0x000001dea065fba0 Exception <a 'java/lang/reflect/InvocationTargetException'{0x000000008949d8e0}> (0x000000008949d8e0) 
thrown [s\src\hotspot\share\runtime\reflection.cpp, line 1121]
Event: 18.807 Thread 0x000001dea065fba0 Exception <a 'java/lang/reflect/InvocationTargetException'{0x0000000084327128}> (0x0000000084327128) 
thrown [s\src\hotspot\share\runtime\reflection.cpp, line 1121]
Event: 18.812 Thread 0x000001dea065fba0 Exception <a 'java/lang/reflect/InvocationTargetException'{0x0000000084333268}> (0x0000000084333268) 
thrown [s\src\hotspot\share\runtime\reflection.cpp, line 1121]
Event: 18.819 Thread 0x000001dea065fba0 Exception <a 'java/lang/reflect/InvocationTargetException'{0x0000000084343a28}> (0x0000000084343a28) 
thrown [s\src\hotspot\share\runtime\reflection.cpp, line 1121]
Event: 18.823 Thread 0x000001dea065fba0 Exception <a 'java/lang/reflect/InvocationTargetException'{0x000000008434fb88}> (0x000000008434fb88) 
thrown [s\src\hotspot\share\runtime\reflection.cpp, line 1121]
Event: 18.914 Thread 0x000001dea065fba0 Exception <a 'java/lang/reflect/InvocationTargetException'{0x000000008939d678}> (0x000000008939d678) 
thrown [s\src\hotspot\share\runtime\reflection.cpp, line 1121]
Event: 18.919 Thread 0x000001dea065fba0 Exception <a 'java/lang/reflect/InvocationTargetException'{0x00000000893aa0b0}> (0x00000000893aa0b0) 
thrown [s\src\hotspot\share\runtime\reflection.cpp, line 1121]
Event: 19.125 Thread 0x000001dea065fba0 Exception <a 'java/lang/NoSuchMethodError'{0x0000000084705f10}: 'java.lang.Object java.lang.invoke.DirectMethodHandle$Holder.invokeInterface(java.lang.Object, java.lang.Object, java.lang.Object, java.lang.Object)'> (0x0000000084705f10) 
thrown [s\src\hotspot\share\interpreter\linkResolver.cpp, line 759]
Event: 19.625 Thread 0x000001dea065fba0 Exception <a 'java/lang/NoSuchMethodError'{0x0000000083ee8b40}: 'void java.lang.invoke.DirectMethodHandle$Holder.invokeVirtual(java.lang.Object, java.lang.Object, int)'> (0x0000000083ee8b40) 
thrown [s\src\hotspot\share\interpreter\linkResolver.cpp, line 759]
Event: 19.639 Thread 0x000001dea065fba0 Exception <a 'java/lang/NoSuchMethodError'{0x00000000899035f8}: 'void java.lang.invoke.DirectMethodHandle$Holder.invokeVirtual(java.lang.Object, java.lang.Object, long)'> (0x00000000899035f8) 
thrown [s\src\hotspot\share\interpreter\linkResolver.cpp, line 759]
Event: 20.108 Thread 0x000001dea065fba0 Exception <a 'java/lang/IncompatibleClassChangeError'{0x0000000084add088}: Found class java.lang.Object, but interface was expected> (0x0000000084add088) 
thrown [s\src\hotspot\share\interpreter\linkResolver.cpp, line 826]
Event: 21.089 Thread 0x000001dea065fba0 Exception <a 'java/lang/NoSuchMethodError'{0x0000000084201140}: 'java.lang.Object java.lang.invoke.DirectMethodHandle$Holder.newInvokeSpecial(java.lang.Object, java.lang.Object, int, java.lang.Object, java.lang.Object)'> (0x0000000084201140) 
thrown [s\src\hotspot\share\interpreter\linkResolver.cpp, line 759]
Event: 21.091 Thread 0x000001dea065fba0 Exception <a 'java/lang/NoSuchMethodError'{0x000000008420c7b8}: 'java.lang.Object java.lang.invoke.DirectMethodHandle$Holder.invokeSpecial(java.lang.Object, java.lang.Object, int, java.lang.Object, int, java.lang.Object)'> (0x000000008420c7b8) 
thrown [s\src\hotspot\share\interpreter\linkResolver.cpp, line 759]
Event: 21.093 Thread 0x000001dea065fba0 Exception <a 'java/lang/NoSuchMethodError'{0x0000000084214868}: 'java.lang.Object java.lang.invoke.DirectMethodHandle$Holder.newInvokeSpecial(java.lang.Object, java.lang.Object, int, java.lang.Object, int)'> (0x0000000084214868) 
thrown [s\src\hotspot\share\interpreter\linkResolver.cpp, line 759]
Event: 21.093 Thread 0x000001dea065fba0 Exception <a 'java/lang/NoSuchMethodError'{0x0000000084218968}: 'java.lang.Object java.lang.invoke.DirectMethodHandle$Holder.invokeSpecial(java.lang.Object, java.lang.Object, java.lang.Object, int, java.lang.Object, int)'> (0x0000000084218968) 
thrown [s\src\hotspot\share\interpreter\linkResolver.cpp, line 759]
Event: 45.994 Thread 0x000001dea0552b50 Exception <a 'java/lang/NoSuchMethodError'{0x0000000084a3d8f0}: 'java.lang.Object java.lang.invoke.DirectMethodHandle$Holder.invokeSpecial(java.lang.Object, java.lang.Object, java.lang.Object, java.lang.Object, java.lang.Object, long)'> (0x0000000084a3d8f0) 
thrown [s\src\hotspot\share\interpreter\linkResolver.cpp, line 759]
Event: 45.995 Thread 0x000001dea0552b50 Exception <a 'java/lang/NoSuchMethodError'{0x0000000084a413a8}: 'java.lang.Object java.lang.invoke.Invokers$Holder.linkToTargetMethod(java.lang.Object, java.lang.Object, java.lang.Object, long, java.lang.Object)'> (0x0000000084a413a8) 
thrown [s\src\hotspot\share\interpreter\linkResolver.cpp, line 759]
Event: 46.795 Thread 0x000001dea0552b50 Exception <a 'java/lang/IncompatibleClassChangeError'{0x00000000846f6cb0}: Found class java.lang.Object, but interface was expected> (0x00000000846f6cb0) 
thrown [s\src\hotspot\share\interpreter\linkResolver.cpp, line 826]
Event: 48.296 Thread 0x000001dea0553020 Exception <a 'java/lang/NoSuchMethodError'{0x0000000084450b60}: 'java.lang.Object java.lang.invoke.DirectMethodHandle$Holder.invokeStatic(java.lang.Object, int, int)'> (0x0000000084450b60) 
thrown [s\src\hotspot\share\interpreter\linkResolver.cpp, line 759]

VM Operations (20 events):
Event: 46.560 Executing VM operation: HandshakeAllThreads
Event: 46.560 Executing VM operation: HandshakeAllThreads done
Event: 46.560 Executing VM operation: Cleanup
Event: 46.560 Executing VM operation: Cleanup done
Event: 47.039 Executing VM operation: HandshakeAllThreads
Event: 47.039 Executing VM operation: HandshakeAllThreads done
Event: 47.079 Executing VM operation: HandshakeAllThreads
Event: 47.079 Executing VM operation: HandshakeAllThreads done
Event: 47.123 Executing VM operation: HandshakeAllThreads
Event: 47.123 Executing VM operation: HandshakeAllThreads done
Event: 47.221 Executing VM operation: G1CollectForAllocation
Event: 47.232 Executing VM operation: G1CollectForAllocation done
Event: 48.245 Executing VM operation: Cleanup
Event: 48.245 Executing VM operation: Cleanup done
Event: 49.246 Executing VM operation: Cleanup
Event: 49.246 Executing VM operation: Cleanup done
Event: 50.248 Executing VM operation: Cleanup
Event: 50.249 Executing VM operation: Cleanup done
Event: 59.756 Executing VM operation: G1CollectForAllocation
Event: 59.767 Executing VM operation: G1CollectForAllocation done

Events (20 events):
Event: 45.734 loading class java/lang/invoke/ConstantBootstraps
Event: 45.735 loading class java/lang/invoke/ConstantBootstraps done
Event: 46.015 loading class sun/nio/cs/ThreadLocalCoders
Event: 46.015 loading class sun/nio/cs/ThreadLocalCoders done
Event: 46.015 loading class sun/nio/cs/ThreadLocalCoders$1
Event: 46.016 loading class sun/nio/cs/ThreadLocalCoders$Cache
Event: 46.016 loading class sun/nio/cs/ThreadLocalCoders$Cache done
Event: 46.016 loading class sun/nio/cs/ThreadLocalCoders$1 done
Event: 46.016 loading class sun/nio/cs/ThreadLocalCoders$2
Event: 46.016 loading class sun/nio/cs/ThreadLocalCoders$2 done
Event: 47.445 loading class java/util/EnumMap$EntryIterator$Entry
Event: 47.445 loading class java/util/EnumMap$EntryIterator$Entry done
Event: 48.204 loading class java/math/BigDecimal$StringBuilderHelper
Event: 48.204 loading class java/math/BigDecimal$StringBuilderHelper done
Event: 48.297 loading class java/util/ArrayList$SubList$2
Event: 48.298 loading class java/util/ArrayList$SubList$2 done
Event: 48.346 loading class java/time/format/DateTimeFormatterBuilder$ZoneTextPrinterParser
Event: 48.348 loading class java/time/format/DateTimeFormatterBuilder$ZoneTextPrinterParser done
Event: 48.349 loading class java/time/format/DateTimeFormatterBuilder$ReducedPrinterParser
Event: 48.350 loading class java/time/format/DateTimeFormatterBuilder$ReducedPrinterParser done


Dynamic libraries:
0x00007ff70f340000 - 0x00007ff70f34d000 	C:\Program Files\Java\Amazon Corretto\jdk17.0.5_8\bin\java.exe
0x00007ffeb5370000 - 0x00007ffeb5564000 	C:\WINDOWS\SYSTEM32\ntdll.dll
0x00007ffeb4b80000 - 0x00007ffeb4c3d000 	C:\WINDOWS\System32\KERNEL32.DLL
0x00007ffeb2ca0000 - 0x00007ffeb2f67000 	C:\WINDOWS\System32\KERNELBASE.dll
0x00007ffeb2fa0000 - 0x00007ffeb30a0000 	C:\WINDOWS\System32\ucrtbase.dll
0x00007ffe9e070000 - 0x00007ffe9e085000 	C:\Program Files\Java\Amazon Corretto\jdk17.0.5_8\bin\VCRUNTIME140.dll
0x00007ffe9e050000 - 0x00007ffe9e067000 	C:\Program Files\Java\Amazon Corretto\jdk17.0.5_8\bin\jli.dll
0x00007ffeb36a0000 - 0x00007ffeb3840000 	C:\WINDOWS\System32\USER32.dll
0x00007ffeb2ab0000 - 0x00007ffeb2ad2000 	C:\WINDOWS\System32\win32u.dll
0x00007ffea3860000 - 0x00007ffea3afa000 	C:\WINDOWS\WinSxS\amd64_microsoft.windows.common-controls_6595b64144ccf1df_6.0.19041.1_none_b555e41d4684ddec\COMCTL32.dll
0x00007ffeb4a70000 - 0x00007ffeb4a9a000 	C:\WINDOWS\System32\GDI32.dll
0x00007ffeb49d0000 - 0x00007ffeb4a6e000 	C:\WINDOWS\System32\msvcrt.dll
0x00007ffeb2b30000 - 0x00007ffeb2c3a000 	C:\WINDOWS\System32\gdi32full.dll
0x00007ffeb31d0000 - 0x00007ffeb326d000 	C:\WINDOWS\System32\msvcp_win.dll
0x00007ffeb4760000 - 0x00007ffeb4790000 	C:\WINDOWS\System32\IMM32.DLL
0x00007ffe99290000 - 0x00007ffe9932b000 	C:\Program Files\Java\Amazon Corretto\jdk17.0.5_8\bin\msvcp140.dll
0x00007ffe63a30000 - 0x00007ffe64644000 	C:\Program Files\Java\Amazon Corretto\jdk17.0.5_8\bin\server\jvm.dll
0x00007ffeb4ce0000 - 0x00007ffeb4d8a000 	C:\WINDOWS\System32\ADVAPI32.dll
0x00007ffeb4c40000 - 0x00007ffeb4cdb000 	C:\WINDOWS\System32\sechost.dll
0x00007ffeb45d0000 - 0x00007ffeb46f3000 	C:\WINDOWS\System32\RPCRT4.dll
0x00007ffea5f30000 - 0x00007ffea5f57000 	C:\WINDOWS\SYSTEM32\WINMM.dll
0x00007ffeadbc0000 - 0x00007ffeadbc9000 	C:\WINDOWS\SYSTEM32\WSOCK32.dll
0x00007ffea5f80000 - 0x00007ffea5f8a000 	C:\WINDOWS\SYSTEM32\VERSION.dll
0x00007ffeb44b0000 - 0x00007ffeb451b000 	C:\WINDOWS\System32\WS2_32.dll
0x00007ffeb0a40000 - 0x00007ffeb0a53000 	C:\WINDOWS\SYSTEM32\kernel.appcore.dll
0x00007ffeb03a0000 - 0x00007ffeb03aa000 	C:\Program Files\Java\Amazon Corretto\jdk17.0.5_8\bin\jimage.dll
0x00007ffea1940000 - 0x00007ffea1b24000 	C:\WINDOWS\SYSTEM32\DBGHELP.DLL
0x00007ffea1160000 - 0x00007ffea118c000 	C:\WINDOWS\SYSTEM32\dbgcore.DLL
0x00007ffeb30a0000 - 0x00007ffeb311f000 	C:\WINDOWS\System32\bcryptPrimitives.dll
0x00007ffeacb90000 - 0x00007ffeacb9e000 	C:\Program Files\Java\Amazon Corretto\jdk17.0.5_8\bin\instrument.dll
0x00007ffe9de90000 - 0x00007ffe9deb5000 	C:\Program Files\Java\Amazon Corretto\jdk17.0.5_8\bin\java.dll
0x00007ffe989b0000 - 0x00007ffe98a86000 	C:\Program Files\Java\Amazon Corretto\jdk17.0.5_8\bin\jsvml.dll
0x00007ffeb3d10000 - 0x00007ffeb4441000 	C:\WINDOWS\System32\SHELL32.dll
0x00007ffeb0c40000 - 0x00007ffeb13ca000 	C:\WINDOWS\SYSTEM32\windows.storage.dll
0x00007ffeb3840000 - 0x00007ffeb3b94000 	C:\WINDOWS\System32\combase.dll
0x00007ffeb2530000 - 0x00007ffeb255b000 	C:\WINDOWS\SYSTEM32\Wldp.dll
0x00007ffeb4520000 - 0x00007ffeb45ce000 	C:\WINDOWS\System32\SHCORE.dll
0x00007ffeb4960000 - 0x00007ffeb49b5000 	C:\WINDOWS\System32\shlwapi.dll
0x00007ffeb29f0000 - 0x00007ffeb2a0f000 	C:\WINDOWS\SYSTEM32\profapi.dll
0x00007ffe9c7b0000 - 0x00007ffe9c7c8000 	C:\Program Files\Java\Amazon Corretto\jdk17.0.5_8\bin\zip.dll
0x00007ffe9df00000 - 0x00007ffe9df19000 	C:\Program Files\Java\Amazon Corretto\jdk17.0.5_8\bin\net.dll
0x00007ffea9c40000 - 0x00007ffea9d42000 	C:\WINDOWS\SYSTEM32\WINHTTP.dll
0x00007ffeb22b0000 - 0x00007ffeb231a000 	C:\WINDOWS\system32\mswsock.dll
0x00007ffe9c7d0000 - 0x00007ffe9c7e5000 	C:\Program Files\Java\Amazon Corretto\jdk17.0.5_8\bin\nio.dll
0x00007ffeab4a0000 - 0x00007ffeab4ba000 	C:\Program Files\JetBrains\IntelliJ IDEA 2022.3.3\bin\breakgen64.dll
0x00007ffeb1f90000 - 0x00007ffeb205a000 	C:\WINDOWS\SYSTEM32\DNSAPI.dll
0x00007ffeb1f50000 - 0x00007ffeb1f8b000 	C:\WINDOWS\SYSTEM32\IPHLPAPI.DLL
0x00007ffeb49c0000 - 0x00007ffeb49c9000 	C:\WINDOWS\System32\NSI.dll
0x00007ffea9a20000 - 0x00007ffea9a2a000 	C:\Windows\System32\rasadhlp.dll
0x00007ffea8960000 - 0x00007ffea89df000 	C:\WINDOWS\System32\fwpuclnt.dll
0x00007ffeb2f70000 - 0x00007ffeb2f97000 	C:\WINDOWS\System32\bcrypt.dll
0x00007ffeacb50000 - 0x00007ffeacb59000 	C:\Program Files\Java\Amazon Corretto\jdk17.0.5_8\bin\management.dll
0x00007ffeab720000 - 0x00007ffeab72b000 	C:\Program Files\Java\Amazon Corretto\jdk17.0.5_8\bin\management_ext.dll
0x00007ffeb35e0000 - 0x00007ffeb35e8000 	C:\WINDOWS\System32\PSAPI.DLL
0x00007ffeb2490000 - 0x00007ffeb24a8000 	C:\WINDOWS\SYSTEM32\CRYPTSP.dll
0x00007ffeb1bd0000 - 0x00007ffeb1c04000 	C:\WINDOWS\system32\rsaenh.dll
0x00007ffeb29b0000 - 0x00007ffeb29de000 	C:\WINDOWS\SYSTEM32\USERENV.dll
0x00007ffeb2480000 - 0x00007ffeb248c000 	C:\WINDOWS\SYSTEM32\CRYPTBASE.dll
0x00007ffeaaac0000 - 0x00007ffeaaad7000 	C:\WINDOWS\SYSTEM32\dhcpcsvc6.DLL
0x00007ffeaaaa0000 - 0x00007ffeaaabd000 	C:\WINDOWS\SYSTEM32\dhcpcsvc.DLL
0x00007ffe9dc40000 - 0x00007ffe9dc57000 	C:\WINDOWS\system32\napinsp.dll
0x00007ffe9db50000 - 0x00007ffe9db6b000 	C:\WINDOWS\system32\pnrpnsp.dll
0x00007ffeadba0000 - 0x00007ffeadbb5000 	C:\WINDOWS\system32\wshbth.dll
0x00007ffeb0250000 - 0x00007ffeb026d000 	C:\WINDOWS\system32\NLAapi.dll
0x00007ffe9d970000 - 0x00007ffe9d982000 	C:\WINDOWS\System32\winrnr.dll
0x00007ffea0c80000 - 0x00007ffea0c90000 	C:\Program Files\Java\Amazon Corretto\jdk17.0.5_8\bin\verify.dll
0x00007ffeab690000 - 0x00007ffeab69e000 	C:\Program Files\Java\Amazon Corretto\jdk17.0.5_8\bin\sunmscapi.dll
0x00007ffeb3270000 - 0x00007ffeb33cc000 	C:\WINDOWS\System32\CRYPT32.dll
0x00007ffeb25a0000 - 0x00007ffeb25c7000 	C:\WINDOWS\SYSTEM32\ncrypt.dll
0x00007ffeb2560000 - 0x00007ffeb259b000 	C:\WINDOWS\SYSTEM32\NTASN1.dll
0x00007ffea4a50000 - 0x00007ffea4a57000 	C:\WINDOWS\system32\wshunix.dll

dbghelp: loaded successfully - version: 4.0.5 - missing functions: none
symbol engine: initialized successfully - sym options: 0x614 - pdb path: .;C:\Program Files\Java\Amazon Corretto\jdk17.0.5_8\bin;C:\WINDOWS\SYSTEM32;C:\WINDOWS\WinSxS\amd64_microsoft.windows.common-controls_6595b64144ccf1df_6.0.19041.1_none_b555e41d4684ddec;C:\Program Files\Java\Amazon Corretto\jdk17.0.5_8\bin\server;C:\Program Files\JetBrains\IntelliJ IDEA 2022.3.3\bin

VM Arguments:
jvm_args: -XX:TieredStopAtLevel=1 -Dspring.output.ansi.enabled=always -Dcom.sun.management.jmxremote -Dspring.jmx.enabled=true -Dspring.liveBeansView.mbeanDomain -Dspring.application.admin.enabled=true -Dmanagement.endpoints.jmx.exposure.include=* -javaagent:C:\Program Files\JetBrains\IntelliJ IDEA 2022.3.3\lib\idea_rt.jar=61032:C:\Program Files\JetBrains\IntelliJ IDEA 2022.3.3\bin -Dfile.encoding=UTF-8 
java_command: com.example.filrougefo.FilRougeFoApplication
java_class_path (initial): C:\Users\Abdallah\Desktop\POE-M2I\FilRougeFo\target\classes;C:\Users\Abdallah\.m2\repository\org\webjars\bootstrap\5.2.3\bootstrap-5.2.3.jar;C:\Users\Abdallah\.m2\repository\org\springframework\boot\spring-boot-devtools\3.0.6\spring-boot-devtools-3.0.6.jar;C:\Users\Abdallah\.m2\repository\org\springframework\boot\spring-boot\3.0.6\spring-boot-3.0.6.jar;C:\Users\Abdallah\.m2\repository\org\springframework\spring-context\6.0.8\spring-context-6.0.8.jar;C:\Users\Abdallah\.m2\repository\org\springframework\boot\spring-boot-autoconfigure\3.0.6\spring-boot-autoconfigure-3.0.6.jar;C:\Users\Abdallah\.m2\repository\org\springframework\boot\spring-boot-starter-data-jpa\3.0.6\spring-boot-starter-data-jpa-3.0.6.jar;C:\Users\Abdallah\.m2\repository\org\springframework\boot\spring-boot-starter-aop\3.0.6\spring-boot-starter-aop-3.0.6.jar;C:\Users\Abdallah\.m2\repository\org\springframework\spring-aop\6.0.8\spring-aop-6.0.8.jar;C:\Users\Abdallah\.m2\repository\org\aspectj\aspectjweaver\1.9.19\aspectjweaver-1.9.19.jar;C:\Users\Abdallah\.m2\repository\org\springframework\boot\spring-boot-starter-jdbc\3.0.6\spring-boot-starter-jdbc-3.0.6.jar;C:\Users\Abdallah\.m2\repository\com\zaxxer\HikariCP\5.0.1\HikariCP-5.0.1.jar;C:\Users\Abdallah\.m2\repository\org\springframework\spring-jdbc\6.0.8\spring-jdbc-6.0.8.jar;C:\Users\Abdallah\.m2\repository\org\hibernate\orm\hibernate-core\6.1.7.Final\hibernate-core-6.1.7.Final.jar;C:\Users\Abdallah\.m2\repository\jakarta\persistence\jakarta.persistence-api\3.1.0\jakarta.persistence-api-3.1.0.jar;C:\Users\Abdallah\.m2\repository\jakarta\transaction\jakarta.transaction-api\2.0.1\jakarta.transaction-api-2.0.1.jar;C:\Users\Abdallah\.m2\repository\org\hibernate\common\hibernate-commons-annotations\6.0.6.Final\hibernate-commons-annotations-6.0.6.Final.jar;C:\Users\Abdallah\.m2\repository\org\jboss\jandex\2.4.2.Final\jandex-2.4.2.Final.jar;C:\Users\Abdallah\.m2\repository\net\bytebuddy\byte-buddy\1.12.23\byte-buddy-1.12.23.jar;C
Launcher Type: SUN_STANDARD

[Global flags]
     intx CICompilerCount                          = 4                                         {product} {ergonomic}
     uint ConcGCThreads                            = 2                                         {product} {ergonomic}
     uint G1ConcRefinementThreads                  = 8                                         {product} {ergonomic}
   size_t G1HeapRegionSize                         = 1048576                                   {product} {ergonomic}
    uintx GCDrainStackTargetSize                   = 64                                        {product} {ergonomic}
   size_t InitialHeapSize                          = 134217728                                 {product} {ergonomic}
     bool ManagementServer                         = true                                      {product} {command line}
   size_t MarkStackSize                            = 4194304                                   {product} {ergonomic}
   size_t MaxHeapSize                              = 2120220672                                {product} {ergonomic}
   size_t MaxNewSize                               = 1271922688                                {product} {ergonomic}
   size_t MinHeapDeltaBytes                        = 1048576                                   {product} {ergonomic}
   size_t MinHeapSize                              = 8388608                                   {product} {ergonomic}
    uintx NonProfiledCodeHeapSize                  = 0                                      {pd product} {ergonomic}
     bool ProfileInterpreter                       = false                                  {pd product} {command line}
    uintx ProfiledCodeHeapSize                     = 0                                      {pd product} {ergonomic}
   size_t SoftMaxHeapSize                          = 2120220672                             {manageable} {ergonomic}
     intx TieredStopAtLevel                        = 1                                         {product} {command line}
     bool UseCompressedClassPointers               = true                           {product lp64_product} {ergonomic}
     bool UseCompressedOops                        = true                           {product lp64_product} {ergonomic}
     bool UseG1GC                                  = true                                      {product} {ergonomic}
     bool UseLargePagesIndividualAllocation        = false                                  {pd product} {ergonomic}

Logging:
Log output configuration:
 #0: stdout all=warning uptime,level,tags
 #1: stderr all=off uptime,level,tags

Environment Variables:
JAVA_HOME=C:\Program Files\Java\Amazon Corretto\jdk17.0.5_8
PATH=C:\Program Files\Java\Amazon Corretto\jdk17.0.5_8\bin;C:\Windows\system32;C:\Windows;C:\Windows\System32\Wbem;C:\Windows\System32\WindowsPowerShell\v1.0\;C:\Program Files (x86)\NVIDIA Corporation\PhysX\Common;C:\WINDOWS\system32;C:\WINDOWS;C:\WINDOWS\System32\Wbem;C:\WINDOWS\System32\WindowsPowerShell\v1.0\;C:\WINDOWS\System32\OpenSSH\;C:\Program Files\PostgreSQL\15\bin;C:\Program Files\PostgreSQL\15\bin;C:\Program Files\Maven\apache-maven-3.9.0\bin;C:\Program Files\nodejs\;C:\Program Files\Git\cmd;C:\Program Files\MySQL\MySQL Shell 8.0\bin\;C:\Users\Abdallah\anaconda3;C:\Users\Abdallah\anaconda3\Library\mingw-w64\bin;C:\Users\Abdallah\anaconda3\Library\usr\bin;C:\Users\Abdallah\anaconda3\Library\bin;C:\Users\Abdallah\anaconda3\Scripts;C:\Users\Abdallah\AppData\Local\Microsoft\WindowsApps;C:\Users\Abdallah\AppData\Local\Programs\Microsoft VS Code\bin;C:\Program Files\JetBrains\IntelliJ IDEA Community Edition 2022.3.2\bin;;C:\Program Files\JetBrains\IntelliJ IDEA 2022.3.3\bin;;C:\Program Files\JetBrains\DataGrip 2022.3.3\bin;;C:\Users\Abdallah\AppData\Roaming\npm
USERNAME=Abdallah
OS=Windows_NT
PROCESSOR_IDENTIFIER=Intel64 Family 6 Model 60 Stepping 3, GenuineIntel
TMP=C:\Users\Abdallah\AppData\Local\Temp
TEMP=C:\Users\Abdallah\AppData\Local\Temp



---------------  S Y S T E M  ---------------

OS:
 Windows 10 , 64 bit Build 19041 (10.0.19041.1)
OS uptime: 2 days 19:55 hours

CPU: total 8 (initial active 8) (4 cores per cpu, 2 threads per core) family 6 model 60 stepping 3 microcode 0x27, cx8, cmov, fxsr, ht, mmx, sse, sse2, sse3, ssse3, sse4.1, sse4.2, popcnt, lzcnt, tsc, tscinvbit, avx, avx2, aes, erms, clmul, bmi1, bmi2, fma, vzeroupper, clflush

Memory: 4k page, system-wide physical 8081M (1422M free)
TotalPageFile size 14737M (AvailPageFile size 3727M)
current process WorkingSet (physical memory assigned to process): 203M, peak: 203M
current process commit charge ("private bytes"): 245M, peak: 247M

vm_info: OpenJDK 64-Bit Server VM (17.0.5+8-LTS) for windows-amd64 JRE (17.0.5+8-LTS), built on Oct 13 2022 05:18:14 by "Administrator" with MS VC++ 15.9 (VS2017)

END.
